nohup: ignoring input
🗄️ Inicializando base de datos local...
🗄️ Inicializando base de datos local...
🗄️ Inicializando migrador de continuación...
🗄️ Inicializando base de datos local...
✅ Índices creados correctamente
✅ Base de datos local inicializada correctamente
✅ Índices creados correctamente
✅ Base de datos local inicializada correctamente
✅ Índices creados correctamente
✅ Base de datos local inicializada correctamente
🗄️ Inicializando base de datos local...
✅ Índices creados correctamente
✅ Base de datos local inicializada correctamente
🔍 Motor de búsqueda local inicializado
✅ Migrador inicializado correctamente
🚀 Continuando migración REAL de la API de Pokémon TCG...
📊 Estado actual: 16028 cartas, 168 sets
🎴 Continuando migración de cartas...
🌐 Continuando obtención de cartas desde API real...
📄 Obteniendo página 15 de cartas...
⚠️ Intento 1/5 falló: This operation was aborted
