nohup: ignoring input
🗄️ Inicializando base de datos local...
🗄️ Inicializando base de datos local...
🗄️ Inicializando migrador de continuación...
🗄️ Inicializando base de datos local...
✅ Índices creados correctamente
✅ Base de datos local inicializada correctamente
✅ Índices creados correctamente
✅ Base de datos local inicializada correctamente
✅ Índices creados correctamente
✅ Base de datos local inicializada correctamente
🗄️ Inicializando base de datos local...
✅ Índices creados correctamente
✅ Base de datos local inicializada correctamente
🔍 Motor de búsqueda local inicializado
✅ Migrador inicializado correctamente
🚀 Continuando migración REAL de la API de Pokémon TCG...
📊 Estado actual: 16028 cartas, 168 sets
🎴 Continuando migración de cartas...
🌐 Continuando obtención de cartas desde API real...
📄 Obteniendo página 15 de cartas...
🎴 Procesando 250 cartas de la página 15...
🎴 Cartas: 50 migradas - Lote 1/5
🎴 Cartas: 100 migradas - Lote 2/5
🎴 Cartas: 150 migradas - Lote 3/5
🎴 Cartas: 200 migradas - Lote 4/5
🎴 Cartas: 250 migradas - Lote 5/5
📄 Obteniendo página 16 de cartas...
⚠️ Intento 1/5 falló: This operation was aborted
⚠️ Intento 2/5 falló: This operation was aborted
⚠️ Intento 3/5 falló: This operation was aborted
🎴 Procesando 250 cartas de la página 16...
🎴 Cartas: 300 migradas - Lote 1/5
🎴 Cartas: 350 migradas - Lote 2/5
🎴 Cartas: 400 migradas - Lote 3/5
🎴 Cartas: 450 migradas - Lote 4/5
🎴 Cartas: 500 migradas - Lote 5/5
📄 Obteniendo página 17 de cartas...
