nohup: ignoring input
🗄️ Inicializando base de datos local...
🗄️ Inicializando base de datos local...
🗄️ Inicializando migración ULTRA-ROBUSTA...
🗄️ Inicializando base de datos local...
✅ Índices creados correctamente
✅ Base de datos local inicializada correctamente
✅ Índices creados correctamente
✅ Base de datos local inicializada correctamente
✅ Índices creados correctamente
✅ Base de datos local inicializada correctamente
🗄️ Inicializando base de datos local...
✅ Índices creados correctamente
✅ Base de datos local inicializada correctamente
🔍 Motor de búsqueda local inicializado
✅ Migración ultra-robusta inicializada
🚀 Iniciando MIGRACIÓN ULTRA-ROBUSTA de la API de Pokémon TCG...
🛡️ Configurado para ser EXTREMADAMENTE persistente
⚡ Timeouts: 90 segundos, Reintentos: 15, Páginas: desde 65

📚 FASE 1: Migrando TODOS los sets...
🌐 Obteniendo TODOS los sets con manejo ULTRA-ROBUSTO...
📄 Obteniendo página 1 de sets...
📚 Procesando 168 sets de la página 1...
✅ 168 sets migrados hasta ahora
📄 Obteniendo página 2 de sets...
✅ 168 sets migrados correctamente

🎴 FASE 2: Migrando TODAS las cartas restantes...
🌐 Obteniendo TODAS las cartas con manejo ULTRA-ROBUSTO...
📄 Empezando desde página 65...
📄 Obteniendo página 65 de cartas...
🎴 Procesando 250 cartas de la página 65...
🎴 Cartas: 15 migradas - Página 65 - Progreso: 0.0%
🎴 Cartas: 30 migradas - Página 65 - Progreso: 0.0%
🎴 Cartas: 45 migradas - Página 65 - Progreso: 0.0%
🎴 Cartas: 60 migradas - Página 65 - Progreso: 0.0%
🎴 Cartas: 75 migradas - Página 65 - Progreso: 0.0%
🎴 Cartas: 90 migradas - Página 65 - Progreso: 0.0%
🎴 Cartas: 105 migradas - Página 65 - Progreso: 0.0%
🎴 Cartas: 120 migradas - Página 65 - Progreso: 0.0%
🎴 Cartas: 135 migradas - Página 65 - Progreso: 0.0%
🎴 Cartas: 150 migradas - Página 65 - Progreso: 0.0%
🎴 Cartas: 165 migradas - Página 65 - Progreso: 0.0%
🎴 Cartas: 180 migradas - Página 65 - Progreso: 0.0%
🎴 Cartas: 195 migradas - Página 65 - Progreso: 0.0%
🎴 Cartas: 210 migradas - Página 65 - Progreso: 0.0%
🎴 Cartas: 225 migradas - Página 65 - Progreso: 0.0%
🎴 Cartas: 240 migradas - Página 65 - Progreso: 0.0%
🎴 Cartas: 250 migradas - Página 65 - Progreso: 0.0%
📄 Obteniendo página 66 de cartas...
🎴 Procesando 250 cartas de la página 66...
🎴 Cartas: 265 migradas - Página 66 - Progreso: 6.7%
🎴 Cartas: 280 migradas - Página 66 - Progreso: 6.7%
🎴 Cartas: 295 migradas - Página 66 - Progreso: 6.7%
🎴 Cartas: 310 migradas - Página 66 - Progreso: 6.7%
🎴 Cartas: 325 migradas - Página 66 - Progreso: 6.7%
🎴 Cartas: 340 migradas - Página 66 - Progreso: 6.7%
🎴 Cartas: 355 migradas - Página 66 - Progreso: 6.7%
🎴 Cartas: 370 migradas - Página 66 - Progreso: 6.7%
🎴 Cartas: 385 migradas - Página 66 - Progreso: 6.7%
🎴 Cartas: 400 migradas - Página 66 - Progreso: 6.7%
🎴 Cartas: 415 migradas - Página 66 - Progreso: 6.7%
🎴 Cartas: 430 migradas - Página 66 - Progreso: 6.7%
🎴 Cartas: 445 migradas - Página 66 - Progreso: 6.7%
🎴 Cartas: 460 migradas - Página 66 - Progreso: 6.7%
🎴 Cartas: 475 migradas - Página 66 - Progreso: 6.7%
🎴 Cartas: 490 migradas - Página 66 - Progreso: 6.7%
🎴 Cartas: 500 migradas - Página 66 - Progreso: 6.7%
📄 Obteniendo página 67 de cartas...
🎴 Procesando 250 cartas de la página 67...
🎴 Cartas: 515 migradas - Página 67 - Progreso: 13.3%
🎴 Cartas: 530 migradas - Página 67 - Progreso: 13.3%
🎴 Cartas: 545 migradas - Página 67 - Progreso: 13.3%
🎴 Cartas: 560 migradas - Página 67 - Progreso: 13.3%
🎴 Cartas: 575 migradas - Página 67 - Progreso: 13.3%
🎴 Cartas: 590 migradas - Página 67 - Progreso: 13.3%
🎴 Cartas: 605 migradas - Página 67 - Progreso: 13.3%
🎴 Cartas: 620 migradas - Página 67 - Progreso: 13.3%
🎴 Cartas: 635 migradas - Página 67 - Progreso: 13.3%
🎴 Cartas: 650 migradas - Página 67 - Progreso: 13.3%
🎴 Cartas: 665 migradas - Página 67 - Progreso: 13.3%
🎴 Cartas: 680 migradas - Página 67 - Progreso: 13.3%
🎴 Cartas: 695 migradas - Página 67 - Progreso: 13.3%
🎴 Cartas: 710 migradas - Página 67 - Progreso: 13.3%
🎴 Cartas: 725 migradas - Página 67 - Progreso: 13.3%
🎴 Cartas: 740 migradas - Página 67 - Progreso: 13.3%
🎴 Cartas: 750 migradas - Página 67 - Progreso: 13.3%
📄 Obteniendo página 68 de cartas...
🎴 Procesando 250 cartas de la página 68...
🎴 Cartas: 765 migradas - Página 68 - Progreso: 20.0%
🎴 Cartas: 780 migradas - Página 68 - Progreso: 20.0%
🎴 Cartas: 795 migradas - Página 68 - Progreso: 20.0%
🎴 Cartas: 810 migradas - Página 68 - Progreso: 20.0%
🎴 Cartas: 825 migradas - Página 68 - Progreso: 20.0%
🎴 Cartas: 840 migradas - Página 68 - Progreso: 20.0%
🎴 Cartas: 855 migradas - Página 68 - Progreso: 20.0%
🎴 Cartas: 870 migradas - Página 68 - Progreso: 20.0%
🎴 Cartas: 885 migradas - Página 68 - Progreso: 20.0%
🎴 Cartas: 900 migradas - Página 68 - Progreso: 20.0%
🎴 Cartas: 915 migradas - Página 68 - Progreso: 20.0%
🎴 Cartas: 930 migradas - Página 68 - Progreso: 20.0%
🎴 Cartas: 945 migradas - Página 68 - Progreso: 20.0%
🎴 Cartas: 960 migradas - Página 68 - Progreso: 20.0%
🎴 Cartas: 975 migradas - Página 68 - Progreso: 20.0%
🎴 Cartas: 990 migradas - Página 68 - Progreso: 20.0%
🎴 Cartas: 1000 migradas - Página 68 - Progreso: 20.0%
📄 Obteniendo página 69 de cartas...
🎴 Procesando 250 cartas de la página 69...
🎴 Cartas: 1015 migradas - Página 69 - Progreso: 26.7%
🎴 Cartas: 1030 migradas - Página 69 - Progreso: 26.7%
🎴 Cartas: 1045 migradas - Página 69 - Progreso: 26.7%
🎴 Cartas: 1060 migradas - Página 69 - Progreso: 26.7%
🎴 Cartas: 1075 migradas - Página 69 - Progreso: 26.7%
🎴 Cartas: 1090 migradas - Página 69 - Progreso: 26.7%
🎴 Cartas: 1105 migradas - Página 69 - Progreso: 26.7%
🎴 Cartas: 1120 migradas - Página 69 - Progreso: 26.7%
🎴 Cartas: 1135 migradas - Página 69 - Progreso: 26.7%
🎴 Cartas: 1150 migradas - Página 69 - Progreso: 26.7%
🎴 Cartas: 1165 migradas - Página 69 - Progreso: 26.7%
🎴 Cartas: 1180 migradas - Página 69 - Progreso: 26.7%
🎴 Cartas: 1195 migradas - Página 69 - Progreso: 26.7%
🎴 Cartas: 1210 migradas - Página 69 - Progreso: 26.7%
🎴 Cartas: 1225 migradas - Página 69 - Progreso: 26.7%
🎴 Cartas: 1240 migradas - Página 69 - Progreso: 26.7%
🎴 Cartas: 1250 migradas - Página 69 - Progreso: 26.7%
📄 Obteniendo página 70 de cartas...
🎴 Procesando 250 cartas de la página 70...
🎴 Cartas: 1265 migradas - Página 70 - Progreso: 33.3%
🎴 Cartas: 1280 migradas - Página 70 - Progreso: 33.3%
🎴 Cartas: 1295 migradas - Página 70 - Progreso: 33.3%
🎴 Cartas: 1310 migradas - Página 70 - Progreso: 33.3%
🎴 Cartas: 1325 migradas - Página 70 - Progreso: 33.3%
🎴 Cartas: 1340 migradas - Página 70 - Progreso: 33.3%
🎴 Cartas: 1355 migradas - Página 70 - Progreso: 33.3%
🎴 Cartas: 1370 migradas - Página 70 - Progreso: 33.3%
🎴 Cartas: 1385 migradas - Página 70 - Progreso: 33.3%
🎴 Cartas: 1400 migradas - Página 70 - Progreso: 33.3%
🎴 Cartas: 1415 migradas - Página 70 - Progreso: 33.3%
🎴 Cartas: 1430 migradas - Página 70 - Progreso: 33.3%
🎴 Cartas: 1445 migradas - Página 70 - Progreso: 33.3%
🎴 Cartas: 1460 migradas - Página 70 - Progreso: 33.3%
🎴 Cartas: 1475 migradas - Página 70 - Progreso: 33.3%
🎴 Cartas: 1490 migradas - Página 70 - Progreso: 33.3%
🎴 Cartas: 1500 migradas - Página 70 - Progreso: 33.3%
📄 Obteniendo página 71 de cartas...
🎴 Procesando 250 cartas de la página 71...
🎴 Cartas: 1515 migradas - Página 71 - Progreso: 40.0%
🎴 Cartas: 1530 migradas - Página 71 - Progreso: 40.0%
🎴 Cartas: 1545 migradas - Página 71 - Progreso: 40.0%
🎴 Cartas: 1560 migradas - Página 71 - Progreso: 40.0%
🎴 Cartas: 1575 migradas - Página 71 - Progreso: 40.0%
🎴 Cartas: 1590 migradas - Página 71 - Progreso: 40.0%
🎴 Cartas: 1605 migradas - Página 71 - Progreso: 40.0%
🎴 Cartas: 1620 migradas - Página 71 - Progreso: 40.0%
🎴 Cartas: 1635 migradas - Página 71 - Progreso: 40.0%
🎴 Cartas: 1650 migradas - Página 71 - Progreso: 40.0%
🎴 Cartas: 1665 migradas - Página 71 - Progreso: 40.0%
🎴 Cartas: 1680 migradas - Página 71 - Progreso: 40.0%
🎴 Cartas: 1695 migradas - Página 71 - Progreso: 40.0%
🎴 Cartas: 1710 migradas - Página 71 - Progreso: 40.0%
🎴 Cartas: 1725 migradas - Página 71 - Progreso: 40.0%
🎴 Cartas: 1740 migradas - Página 71 - Progreso: 40.0%
🎴 Cartas: 1750 migradas - Página 71 - Progreso: 40.0%
📄 Obteniendo página 72 de cartas...
🎴 Procesando 250 cartas de la página 72...
🎴 Cartas: 1765 migradas - Página 72 - Progreso: 46.7%
🎴 Cartas: 1780 migradas - Página 72 - Progreso: 46.7%
🎴 Cartas: 1795 migradas - Página 72 - Progreso: 46.7%
🎴 Cartas: 1810 migradas - Página 72 - Progreso: 46.7%
🎴 Cartas: 1825 migradas - Página 72 - Progreso: 46.7%
🎴 Cartas: 1840 migradas - Página 72 - Progreso: 46.7%
🎴 Cartas: 1855 migradas - Página 72 - Progreso: 46.7%
🎴 Cartas: 1870 migradas - Página 72 - Progreso: 46.7%
🎴 Cartas: 1885 migradas - Página 72 - Progreso: 46.7%
🎴 Cartas: 1900 migradas - Página 72 - Progreso: 46.7%
🎴 Cartas: 1915 migradas - Página 72 - Progreso: 46.7%
🎴 Cartas: 1930 migradas - Página 72 - Progreso: 46.7%
🎴 Cartas: 1945 migradas - Página 72 - Progreso: 46.7%
🎴 Cartas: 1960 migradas - Página 72 - Progreso: 46.7%
🎴 Cartas: 1975 migradas - Página 72 - Progreso: 46.7%
🎴 Cartas: 1990 migradas - Página 72 - Progreso: 46.7%
🎴 Cartas: 2000 migradas - Página 72 - Progreso: 46.7%
📄 Obteniendo página 73 de cartas...
🎴 Procesando 250 cartas de la página 73...
🎴 Cartas: 2015 migradas - Página 73 - Progreso: 53.3%
🎴 Cartas: 2030 migradas - Página 73 - Progreso: 53.3%
🎴 Cartas: 2045 migradas - Página 73 - Progreso: 53.3%
🎴 Cartas: 2060 migradas - Página 73 - Progreso: 53.3%
🎴 Cartas: 2075 migradas - Página 73 - Progreso: 53.3%
🎴 Cartas: 2090 migradas - Página 73 - Progreso: 53.3%
🎴 Cartas: 2105 migradas - Página 73 - Progreso: 53.3%
🎴 Cartas: 2120 migradas - Página 73 - Progreso: 53.3%
🎴 Cartas: 2135 migradas - Página 73 - Progreso: 53.3%
🎴 Cartas: 2150 migradas - Página 73 - Progreso: 53.3%
🎴 Cartas: 2165 migradas - Página 73 - Progreso: 53.3%
🎴 Cartas: 2180 migradas - Página 73 - Progreso: 53.3%
🎴 Cartas: 2195 migradas - Página 73 - Progreso: 53.3%
🎴 Cartas: 2210 migradas - Página 73 - Progreso: 53.3%
🎴 Cartas: 2225 migradas - Página 73 - Progreso: 53.3%
🎴 Cartas: 2240 migradas - Página 73 - Progreso: 53.3%
🎴 Cartas: 2250 migradas - Página 73 - Progreso: 53.3%
📄 Obteniendo página 74 de cartas...
🎴 Procesando 250 cartas de la página 74...
🎴 Cartas: 2265 migradas - Página 74 - Progreso: 60.0%
🎴 Cartas: 2280 migradas - Página 74 - Progreso: 60.0%
🎴 Cartas: 2295 migradas - Página 74 - Progreso: 60.0%
🎴 Cartas: 2310 migradas - Página 74 - Progreso: 60.0%
🎴 Cartas: 2325 migradas - Página 74 - Progreso: 60.0%
🎴 Cartas: 2340 migradas - Página 74 - Progreso: 60.0%
🎴 Cartas: 2355 migradas - Página 74 - Progreso: 60.0%
🎴 Cartas: 2370 migradas - Página 74 - Progreso: 60.0%
🎴 Cartas: 2385 migradas - Página 74 - Progreso: 60.0%
🎴 Cartas: 2400 migradas - Página 74 - Progreso: 60.0%
🎴 Cartas: 2415 migradas - Página 74 - Progreso: 60.0%
🎴 Cartas: 2430 migradas - Página 74 - Progreso: 60.0%
🎴 Cartas: 2445 migradas - Página 74 - Progreso: 60.0%
🎴 Cartas: 2460 migradas - Página 74 - Progreso: 60.0%
🎴 Cartas: 2475 migradas - Página 74 - Progreso: 60.0%
🎴 Cartas: 2490 migradas - Página 74 - Progreso: 60.0%
🎴 Cartas: 2500 migradas - Página 74 - Progreso: 60.0%
📄 Obteniendo página 75 de cartas...
🎴 Procesando 250 cartas de la página 75...
🎴 Cartas: 2515 migradas - Página 75 - Progreso: 66.7%
🎴 Cartas: 2530 migradas - Página 75 - Progreso: 66.7%
🎴 Cartas: 2545 migradas - Página 75 - Progreso: 66.7%
🎴 Cartas: 2560 migradas - Página 75 - Progreso: 66.7%
🎴 Cartas: 2575 migradas - Página 75 - Progreso: 66.7%
🎴 Cartas: 2590 migradas - Página 75 - Progreso: 66.7%
🎴 Cartas: 2605 migradas - Página 75 - Progreso: 66.7%
🎴 Cartas: 2620 migradas - Página 75 - Progreso: 66.7%
🎴 Cartas: 2635 migradas - Página 75 - Progreso: 66.7%
🎴 Cartas: 2650 migradas - Página 75 - Progreso: 66.7%
🎴 Cartas: 2665 migradas - Página 75 - Progreso: 66.7%
🎴 Cartas: 2680 migradas - Página 75 - Progreso: 66.7%
🎴 Cartas: 2695 migradas - Página 75 - Progreso: 66.7%
🎴 Cartas: 2710 migradas - Página 75 - Progreso: 66.7%
🎴 Cartas: 2725 migradas - Página 75 - Progreso: 66.7%
🎴 Cartas: 2740 migradas - Página 75 - Progreso: 66.7%
🎴 Cartas: 2750 migradas - Página 75 - Progreso: 66.7%
📄 Obteniendo página 76 de cartas...
🎴 Procesando 250 cartas de la página 76...
🎴 Cartas: 2765 migradas - Página 76 - Progreso: 73.3%
🎴 Cartas: 2780 migradas - Página 76 - Progreso: 73.3%
🎴 Cartas: 2795 migradas - Página 76 - Progreso: 73.3%
🎴 Cartas: 2810 migradas - Página 76 - Progreso: 73.3%
🎴 Cartas: 2825 migradas - Página 76 - Progreso: 73.3%
🎴 Cartas: 2840 migradas - Página 76 - Progreso: 73.3%
🎴 Cartas: 2855 migradas - Página 76 - Progreso: 73.3%
🎴 Cartas: 2870 migradas - Página 76 - Progreso: 73.3%
🎴 Cartas: 2885 migradas - Página 76 - Progreso: 73.3%
🎴 Cartas: 2900 migradas - Página 76 - Progreso: 73.3%
🎴 Cartas: 2915 migradas - Página 76 - Progreso: 73.3%
🎴 Cartas: 2930 migradas - Página 76 - Progreso: 73.3%
🎴 Cartas: 2945 migradas - Página 76 - Progreso: 73.3%
🎴 Cartas: 2960 migradas - Página 76 - Progreso: 73.3%
🎴 Cartas: 2975 migradas - Página 76 - Progreso: 73.3%
🎴 Cartas: 2990 migradas - Página 76 - Progreso: 73.3%
🎴 Cartas: 3000 migradas - Página 76 - Progreso: 73.3%
📄 Obteniendo página 77 de cartas...
🎴 Procesando 250 cartas de la página 77...
🎴 Cartas: 3015 migradas - Página 77 - Progreso: 80.0%
🎴 Cartas: 3030 migradas - Página 77 - Progreso: 80.0%
🎴 Cartas: 3045 migradas - Página 77 - Progreso: 80.0%
🎴 Cartas: 3060 migradas - Página 77 - Progreso: 80.0%
🎴 Cartas: 3075 migradas - Página 77 - Progreso: 80.0%
🎴 Cartas: 3090 migradas - Página 77 - Progreso: 80.0%
🎴 Cartas: 3105 migradas - Página 77 - Progreso: 80.0%
🎴 Cartas: 3120 migradas - Página 77 - Progreso: 80.0%
🎴 Cartas: 3135 migradas - Página 77 - Progreso: 80.0%
🎴 Cartas: 3150 migradas - Página 77 - Progreso: 80.0%
🎴 Cartas: 3165 migradas - Página 77 - Progreso: 80.0%
🎴 Cartas: 3180 migradas - Página 77 - Progreso: 80.0%
🎴 Cartas: 3195 migradas - Página 77 - Progreso: 80.0%
🎴 Cartas: 3210 migradas - Página 77 - Progreso: 80.0%
🎴 Cartas: 3225 migradas - Página 77 - Progreso: 80.0%
🎴 Cartas: 3240 migradas - Página 77 - Progreso: 80.0%
🎴 Cartas: 3250 migradas - Página 77 - Progreso: 80.0%
📄 Obteniendo página 78 de cartas...
🎴 Procesando 250 cartas de la página 78...
🎴 Cartas: 3265 migradas - Página 78 - Progreso: 86.7%
🎴 Cartas: 3280 migradas - Página 78 - Progreso: 86.7%
🎴 Cartas: 3295 migradas - Página 78 - Progreso: 86.7%
🎴 Cartas: 3310 migradas - Página 78 - Progreso: 86.7%
🎴 Cartas: 3325 migradas - Página 78 - Progreso: 86.7%
🎴 Cartas: 3340 migradas - Página 78 - Progreso: 86.7%
🎴 Cartas: 3355 migradas - Página 78 - Progreso: 86.7%
🎴 Cartas: 3370 migradas - Página 78 - Progreso: 86.7%
🎴 Cartas: 3385 migradas - Página 78 - Progreso: 86.7%
🎴 Cartas: 3400 migradas - Página 78 - Progreso: 86.7%
🎴 Cartas: 3415 migradas - Página 78 - Progreso: 86.7%
🎴 Cartas: 3430 migradas - Página 78 - Progreso: 86.7%
🎴 Cartas: 3445 migradas - Página 78 - Progreso: 86.7%
🎴 Cartas: 3460 migradas - Página 78 - Progreso: 86.7%
🎴 Cartas: 3475 migradas - Página 78 - Progreso: 86.7%
🎴 Cartas: 3490 migradas - Página 78 - Progreso: 86.7%
🎴 Cartas: 3500 migradas - Página 78 - Progreso: 86.7%
📄 Obteniendo página 79 de cartas...
✅ 3500 cartas adicionales migradas correctamente

🔍 FASE 3: Creando índices optimizados...
🔍 Creando índices optimizados para búsqueda ultra rápida...
✅ Índices optimizados creados correctamente

🔍 FASE 4: Verificando integridad completa...
📊 Estadísticas FINALES de la base de datos:
- Total de cartas: 16028
- Total de sets: 168
- Tamaño de base de datos: 19.87 MB
- Última actualización: 2025-09-07T16:24:38.254Z
✅ No se encontraron cartas duplicadas
✅ Verificación de integridad completada

🎉 MIGRACIÓN ULTRA-ROBUSTA COMPLETADA
=====================================
📚 Sets migrados: 168
🎴 Cartas migradas: 3500
❌ Errores: 0
🔄 Reintentos: 0
⏭️ Páginas saltadas: 0
⏱️ Tiempo total: 10m 35s
📊 Tasa promedio: 6 cartas/segundo
=====================================

🎉 MIGRACIÓN ULTRA-ROBUSTA COMPLETADA
✅ Base de datos cerrada correctamente
🧹 Cache de búsqueda limpiado
✅ Base de datos cerrada correctamente
🔍 Motor de búsqueda local cerrado
