nohup: ignoring input
🗄️ Inicializando base de datos local...
🗄️ Inicializando migración completa...
🗄️ Inicializando base de datos local...
✅ Índices creados correctamente
✅ Base de datos local inicializada correctamente
✅ Índices creados correctamente
✅ Base de datos local inicializada correctamente
✅ Base de datos inicializada
🎴 Iniciando migración completa de cartas...

📄 Procesando página 1...
📡 Intento 1/10: https://api.pokemontcg.io/v2/cards?page=1&pageSize=250
🎴 Procesando 250 cartas...
✅ Lote procesado: 20 cartas totales
✅ Lote procesado: 40 cartas totales
✅ Lote procesado: 60 cartas totales
✅ Lote procesado: 80 cartas totales
✅ Lote procesado: 100 cartas totales
✅ Lote procesado: 120 cartas totales
✅ Lote procesado: 140 cartas totales
✅ Lote procesado: 160 cartas totales
✅ Lote procesado: 180 cartas totales
✅ Lote procesado: 200 cartas totales
✅ Lote procesado: 220 cartas totales
✅ Lote procesado: 240 cartas totales
✅ Lote procesado: 250 cartas totales

📄 Procesando página 2...
📡 Intento 1/10: https://api.pokemontcg.io/v2/cards?page=2&pageSize=250
🎴 Procesando 250 cartas...
✅ Lote procesado: 270 cartas totales
✅ Lote procesado: 290 cartas totales
✅ Lote procesado: 310 cartas totales
✅ Lote procesado: 330 cartas totales
✅ Lote procesado: 350 cartas totales
✅ Lote procesado: 370 cartas totales
✅ Lote procesado: 390 cartas totales
✅ Lote procesado: 410 cartas totales
✅ Lote procesado: 430 cartas totales
✅ Lote procesado: 450 cartas totales
✅ Lote procesado: 470 cartas totales
✅ Lote procesado: 490 cartas totales
✅ Lote procesado: 500 cartas totales

📄 Procesando página 3...
📡 Intento 1/10: https://api.pokemontcg.io/v2/cards?page=3&pageSize=250
🎴 Procesando 250 cartas...
✅ Lote procesado: 520 cartas totales
✅ Lote procesado: 540 cartas totales
✅ Lote procesado: 560 cartas totales
✅ Lote procesado: 580 cartas totales
✅ Lote procesado: 600 cartas totales
✅ Lote procesado: 620 cartas totales
✅ Lote procesado: 640 cartas totales
✅ Lote procesado: 660 cartas totales
✅ Lote procesado: 680 cartas totales
✅ Lote procesado: 700 cartas totales
✅ Lote procesado: 720 cartas totales
✅ Lote procesado: 740 cartas totales
✅ Lote procesado: 750 cartas totales

📄 Procesando página 4...
📡 Intento 1/10: https://api.pokemontcg.io/v2/cards?page=4&pageSize=250
🎴 Procesando 250 cartas...
✅ Lote procesado: 770 cartas totales
✅ Lote procesado: 790 cartas totales
✅ Lote procesado: 810 cartas totales
✅ Lote procesado: 830 cartas totales
✅ Lote procesado: 850 cartas totales
✅ Lote procesado: 870 cartas totales
✅ Lote procesado: 890 cartas totales
✅ Lote procesado: 910 cartas totales
✅ Lote procesado: 930 cartas totales
✅ Lote procesado: 950 cartas totales
✅ Lote procesado: 970 cartas totales
✅ Lote procesado: 990 cartas totales
✅ Lote procesado: 1000 cartas totales

📄 Procesando página 5...
📡 Intento 1/10: https://api.pokemontcg.io/v2/cards?page=5&pageSize=250
🎴 Procesando 250 cartas...
✅ Lote procesado: 1020 cartas totales
✅ Lote procesado: 1040 cartas totales
✅ Lote procesado: 1060 cartas totales
✅ Lote procesado: 1080 cartas totales
✅ Lote procesado: 1100 cartas totales
✅ Lote procesado: 1120 cartas totales
✅ Lote procesado: 1140 cartas totales
✅ Lote procesado: 1160 cartas totales
✅ Lote procesado: 1180 cartas totales
✅ Lote procesado: 1200 cartas totales
✅ Lote procesado: 1220 cartas totales
✅ Lote procesado: 1240 cartas totales
✅ Lote procesado: 1250 cartas totales

📄 Procesando página 6...
📡 Intento 1/10: https://api.pokemontcg.io/v2/cards?page=6&pageSize=250
🎴 Procesando 250 cartas...
✅ Lote procesado: 1270 cartas totales
✅ Lote procesado: 1290 cartas totales
✅ Lote procesado: 1310 cartas totales
✅ Lote procesado: 1330 cartas totales
✅ Lote procesado: 1350 cartas totales
✅ Lote procesado: 1370 cartas totales
✅ Lote procesado: 1390 cartas totales
✅ Lote procesado: 1410 cartas totales
✅ Lote procesado: 1430 cartas totales
✅ Lote procesado: 1450 cartas totales
✅ Lote procesado: 1470 cartas totales
✅ Lote procesado: 1490 cartas totales
✅ Lote procesado: 1500 cartas totales

📄 Procesando página 7...
📡 Intento 1/10: https://api.pokemontcg.io/v2/cards?page=7&pageSize=250
🎴 Procesando 250 cartas...
✅ Lote procesado: 1520 cartas totales
✅ Lote procesado: 1540 cartas totales
✅ Lote procesado: 1560 cartas totales
✅ Lote procesado: 1580 cartas totales
✅ Lote procesado: 1600 cartas totales
✅ Lote procesado: 1620 cartas totales
✅ Lote procesado: 1640 cartas totales
✅ Lote procesado: 1660 cartas totales
✅ Lote procesado: 1680 cartas totales
✅ Lote procesado: 1700 cartas totales
✅ Lote procesado: 1720 cartas totales
✅ Lote procesado: 1740 cartas totales
✅ Lote procesado: 1750 cartas totales

📄 Procesando página 8...
📡 Intento 1/10: https://api.pokemontcg.io/v2/cards?page=8&pageSize=250
🎴 Procesando 250 cartas...
✅ Lote procesado: 1770 cartas totales
✅ Lote procesado: 1790 cartas totales
✅ Lote procesado: 1810 cartas totales
✅ Lote procesado: 1830 cartas totales
✅ Lote procesado: 1850 cartas totales
✅ Lote procesado: 1870 cartas totales
✅ Lote procesado: 1890 cartas totales
✅ Lote procesado: 1910 cartas totales
✅ Lote procesado: 1930 cartas totales
✅ Lote procesado: 1950 cartas totales
✅ Lote procesado: 1970 cartas totales
✅ Lote procesado: 1990 cartas totales
✅ Lote procesado: 2000 cartas totales

📄 Procesando página 9...
📡 Intento 1/10: https://api.pokemontcg.io/v2/cards?page=9&pageSize=250
🎴 Procesando 250 cartas...
✅ Lote procesado: 2020 cartas totales
✅ Lote procesado: 2040 cartas totales
✅ Lote procesado: 2060 cartas totales
✅ Lote procesado: 2080 cartas totales
✅ Lote procesado: 2100 cartas totales
✅ Lote procesado: 2120 cartas totales
✅ Lote procesado: 2140 cartas totales
✅ Lote procesado: 2160 cartas totales
✅ Lote procesado: 2180 cartas totales
✅ Lote procesado: 2200 cartas totales
✅ Lote procesado: 2220 cartas totales
✅ Lote procesado: 2240 cartas totales
✅ Lote procesado: 2250 cartas totales

📄 Procesando página 10...
📡 Intento 1/10: https://api.pokemontcg.io/v2/cards?page=10&pageSize=250
🎴 Procesando 250 cartas...
✅ Lote procesado: 2270 cartas totales
✅ Lote procesado: 2290 cartas totales
✅ Lote procesado: 2310 cartas totales
✅ Lote procesado: 2330 cartas totales
✅ Lote procesado: 2350 cartas totales
✅ Lote procesado: 2370 cartas totales
✅ Lote procesado: 2390 cartas totales
✅ Lote procesado: 2410 cartas totales
✅ Lote procesado: 2430 cartas totales
✅ Lote procesado: 2450 cartas totales
✅ Lote procesado: 2470 cartas totales
✅ Lote procesado: 2490 cartas totales
✅ Lote procesado: 2500 cartas totales

📄 Procesando página 11...
📡 Intento 1/10: https://api.pokemontcg.io/v2/cards?page=11&pageSize=250
🎴 Procesando 250 cartas...
✅ Lote procesado: 2520 cartas totales
✅ Lote procesado: 2540 cartas totales
✅ Lote procesado: 2560 cartas totales
✅ Lote procesado: 2580 cartas totales
✅ Lote procesado: 2600 cartas totales
✅ Lote procesado: 2620 cartas totales
✅ Lote procesado: 2640 cartas totales
✅ Lote procesado: 2660 cartas totales
✅ Lote procesado: 2680 cartas totales
✅ Lote procesado: 2700 cartas totales
✅ Lote procesado: 2720 cartas totales
✅ Lote procesado: 2740 cartas totales
✅ Lote procesado: 2750 cartas totales

📄 Procesando página 12...
📡 Intento 1/10: https://api.pokemontcg.io/v2/cards?page=12&pageSize=250
🎴 Procesando 250 cartas...
✅ Lote procesado: 2770 cartas totales
✅ Lote procesado: 2790 cartas totales
✅ Lote procesado: 2810 cartas totales
✅ Lote procesado: 2830 cartas totales
✅ Lote procesado: 2850 cartas totales
✅ Lote procesado: 2870 cartas totales
✅ Lote procesado: 2890 cartas totales
✅ Lote procesado: 2910 cartas totales
✅ Lote procesado: 2930 cartas totales
✅ Lote procesado: 2950 cartas totales
✅ Lote procesado: 2970 cartas totales
✅ Lote procesado: 2990 cartas totales
✅ Lote procesado: 3000 cartas totales

📄 Procesando página 13...
📡 Intento 1/10: https://api.pokemontcg.io/v2/cards?page=13&pageSize=250
🎴 Procesando 250 cartas...
✅ Lote procesado: 3020 cartas totales
✅ Lote procesado: 3040 cartas totales
✅ Lote procesado: 3060 cartas totales
✅ Lote procesado: 3080 cartas totales
✅ Lote procesado: 3100 cartas totales
✅ Lote procesado: 3120 cartas totales
✅ Lote procesado: 3140 cartas totales
✅ Lote procesado: 3160 cartas totales
✅ Lote procesado: 3180 cartas totales
✅ Lote procesado: 3200 cartas totales
✅ Lote procesado: 3220 cartas totales
✅ Lote procesado: 3240 cartas totales
✅ Lote procesado: 3250 cartas totales

📄 Procesando página 14...
📡 Intento 1/10: https://api.pokemontcg.io/v2/cards?page=14&pageSize=250
🎴 Procesando 250 cartas...
✅ Lote procesado: 3270 cartas totales
✅ Lote procesado: 3290 cartas totales
✅ Lote procesado: 3310 cartas totales
✅ Lote procesado: 3330 cartas totales
✅ Lote procesado: 3350 cartas totales
✅ Lote procesado: 3370 cartas totales
✅ Lote procesado: 3390 cartas totales
✅ Lote procesado: 3410 cartas totales
✅ Lote procesado: 3430 cartas totales
✅ Lote procesado: 3450 cartas totales
✅ Lote procesado: 3470 cartas totales
✅ Lote procesado: 3490 cartas totales
✅ Lote procesado: 3500 cartas totales

📄 Procesando página 15...
📡 Intento 1/10: https://api.pokemontcg.io/v2/cards?page=15&pageSize=250
🎴 Procesando 250 cartas...
✅ Lote procesado: 3520 cartas totales
✅ Lote procesado: 3540 cartas totales
✅ Lote procesado: 3560 cartas totales
✅ Lote procesado: 3580 cartas totales
✅ Lote procesado: 3600 cartas totales
✅ Lote procesado: 3620 cartas totales
✅ Lote procesado: 3640 cartas totales
✅ Lote procesado: 3660 cartas totales
✅ Lote procesado: 3680 cartas totales
✅ Lote procesado: 3700 cartas totales
✅ Lote procesado: 3720 cartas totales
✅ Lote procesado: 3740 cartas totales
✅ Lote procesado: 3750 cartas totales

📄 Procesando página 16...
📡 Intento 1/10: https://api.pokemontcg.io/v2/cards?page=16&pageSize=250
🎴 Procesando 250 cartas...
✅ Lote procesado: 3770 cartas totales
✅ Lote procesado: 3790 cartas totales
✅ Lote procesado: 3810 cartas totales
✅ Lote procesado: 3830 cartas totales
✅ Lote procesado: 3850 cartas totales
✅ Lote procesado: 3870 cartas totales
✅ Lote procesado: 3890 cartas totales
✅ Lote procesado: 3910 cartas totales
✅ Lote procesado: 3930 cartas totales
✅ Lote procesado: 3950 cartas totales
✅ Lote procesado: 3970 cartas totales
✅ Lote procesado: 3990 cartas totales
✅ Lote procesado: 4000 cartas totales

📄 Procesando página 17...
📡 Intento 1/10: https://api.pokemontcg.io/v2/cards?page=17&pageSize=250
🎴 Procesando 250 cartas...
✅ Lote procesado: 4020 cartas totales
✅ Lote procesado: 4040 cartas totales
✅ Lote procesado: 4060 cartas totales
✅ Lote procesado: 4080 cartas totales
✅ Lote procesado: 4100 cartas totales
✅ Lote procesado: 4120 cartas totales
✅ Lote procesado: 4140 cartas totales
✅ Lote procesado: 4160 cartas totales
✅ Lote procesado: 4180 cartas totales
✅ Lote procesado: 4200 cartas totales
✅ Lote procesado: 4220 cartas totales
✅ Lote procesado: 4240 cartas totales
✅ Lote procesado: 4250 cartas totales

📄 Procesando página 18...
📡 Intento 1/10: https://api.pokemontcg.io/v2/cards?page=18&pageSize=250
🎴 Procesando 250 cartas...
✅ Lote procesado: 4270 cartas totales
✅ Lote procesado: 4290 cartas totales
✅ Lote procesado: 4310 cartas totales
✅ Lote procesado: 4330 cartas totales
✅ Lote procesado: 4350 cartas totales
✅ Lote procesado: 4370 cartas totales
✅ Lote procesado: 4390 cartas totales
✅ Lote procesado: 4410 cartas totales
✅ Lote procesado: 4430 cartas totales
✅ Lote procesado: 4450 cartas totales
✅ Lote procesado: 4470 cartas totales
✅ Lote procesado: 4490 cartas totales
✅ Lote procesado: 4500 cartas totales

📄 Procesando página 19...
📡 Intento 1/10: https://api.pokemontcg.io/v2/cards?page=19&pageSize=250
🎴 Procesando 250 cartas...
✅ Lote procesado: 4520 cartas totales
✅ Lote procesado: 4540 cartas totales
✅ Lote procesado: 4560 cartas totales
✅ Lote procesado: 4580 cartas totales
✅ Lote procesado: 4600 cartas totales
✅ Lote procesado: 4620 cartas totales
✅ Lote procesado: 4640 cartas totales
✅ Lote procesado: 4660 cartas totales
✅ Lote procesado: 4680 cartas totales
✅ Lote procesado: 4700 cartas totales
✅ Lote procesado: 4720 cartas totales
✅ Lote procesado: 4740 cartas totales
✅ Lote procesado: 4750 cartas totales

📄 Procesando página 20...
📡 Intento 1/10: https://api.pokemontcg.io/v2/cards?page=20&pageSize=250
🎴 Procesando 250 cartas...
✅ Lote procesado: 4770 cartas totales
✅ Lote procesado: 4790 cartas totales
✅ Lote procesado: 4810 cartas totales
✅ Lote procesado: 4830 cartas totales
✅ Lote procesado: 4850 cartas totales
✅ Lote procesado: 4870 cartas totales
✅ Lote procesado: 4890 cartas totales
✅ Lote procesado: 4910 cartas totales
✅ Lote procesado: 4930 cartas totales
✅ Lote procesado: 4950 cartas totales
✅ Lote procesado: 4970 cartas totales
✅ Lote procesado: 4990 cartas totales
✅ Lote procesado: 5000 cartas totales

📄 Procesando página 21...
📡 Intento 1/10: https://api.pokemontcg.io/v2/cards?page=21&pageSize=250
🎴 Procesando 250 cartas...
✅ Lote procesado: 5020 cartas totales
✅ Lote procesado: 5040 cartas totales
✅ Lote procesado: 5060 cartas totales
✅ Lote procesado: 5080 cartas totales
✅ Lote procesado: 5100 cartas totales
✅ Lote procesado: 5120 cartas totales
✅ Lote procesado: 5140 cartas totales
✅ Lote procesado: 5160 cartas totales
✅ Lote procesado: 5180 cartas totales
✅ Lote procesado: 5200 cartas totales
✅ Lote procesado: 5220 cartas totales
✅ Lote procesado: 5240 cartas totales
✅ Lote procesado: 5250 cartas totales

📄 Procesando página 22...
📡 Intento 1/10: https://api.pokemontcg.io/v2/cards?page=22&pageSize=250
🎴 Procesando 250 cartas...
✅ Lote procesado: 5270 cartas totales
✅ Lote procesado: 5290 cartas totales
✅ Lote procesado: 5310 cartas totales
✅ Lote procesado: 5330 cartas totales
✅ Lote procesado: 5350 cartas totales
✅ Lote procesado: 5370 cartas totales
✅ Lote procesado: 5390 cartas totales
✅ Lote procesado: 5410 cartas totales
✅ Lote procesado: 5430 cartas totales
✅ Lote procesado: 5450 cartas totales
✅ Lote procesado: 5470 cartas totales
✅ Lote procesado: 5490 cartas totales
✅ Lote procesado: 5500 cartas totales

📄 Procesando página 23...
📡 Intento 1/10: https://api.pokemontcg.io/v2/cards?page=23&pageSize=250
🎴 Procesando 250 cartas...
✅ Lote procesado: 5520 cartas totales
✅ Lote procesado: 5540 cartas totales
✅ Lote procesado: 5560 cartas totales
✅ Lote procesado: 5580 cartas totales
✅ Lote procesado: 5600 cartas totales
✅ Lote procesado: 5620 cartas totales
✅ Lote procesado: 5640 cartas totales
✅ Lote procesado: 5660 cartas totales
✅ Lote procesado: 5680 cartas totales
✅ Lote procesado: 5700 cartas totales
✅ Lote procesado: 5720 cartas totales
✅ Lote procesado: 5740 cartas totales
✅ Lote procesado: 5750 cartas totales

📄 Procesando página 24...
📡 Intento 1/10: https://api.pokemontcg.io/v2/cards?page=24&pageSize=250
🎴 Procesando 250 cartas...
✅ Lote procesado: 5770 cartas totales
✅ Lote procesado: 5790 cartas totales
✅ Lote procesado: 5810 cartas totales
✅ Lote procesado: 5830 cartas totales
✅ Lote procesado: 5850 cartas totales
✅ Lote procesado: 5870 cartas totales
✅ Lote procesado: 5890 cartas totales
✅ Lote procesado: 5910 cartas totales
✅ Lote procesado: 5930 cartas totales
✅ Lote procesado: 5950 cartas totales
✅ Lote procesado: 5970 cartas totales
✅ Lote procesado: 5990 cartas totales
✅ Lote procesado: 6000 cartas totales

📄 Procesando página 25...
📡 Intento 1/10: https://api.pokemontcg.io/v2/cards?page=25&pageSize=250
🎴 Procesando 250 cartas...
✅ Lote procesado: 6020 cartas totales
✅ Lote procesado: 6040 cartas totales
✅ Lote procesado: 6060 cartas totales
✅ Lote procesado: 6080 cartas totales
✅ Lote procesado: 6100 cartas totales
✅ Lote procesado: 6120 cartas totales
✅ Lote procesado: 6140 cartas totales
✅ Lote procesado: 6160 cartas totales
✅ Lote procesado: 6180 cartas totales
✅ Lote procesado: 6200 cartas totales
✅ Lote procesado: 6220 cartas totales
✅ Lote procesado: 6240 cartas totales
✅ Lote procesado: 6250 cartas totales

📄 Procesando página 26...
📡 Intento 1/10: https://api.pokemontcg.io/v2/cards?page=26&pageSize=250
🎴 Procesando 250 cartas...
✅ Lote procesado: 6270 cartas totales
✅ Lote procesado: 6290 cartas totales
✅ Lote procesado: 6310 cartas totales
✅ Lote procesado: 6330 cartas totales
✅ Lote procesado: 6350 cartas totales
✅ Lote procesado: 6370 cartas totales
✅ Lote procesado: 6390 cartas totales
✅ Lote procesado: 6410 cartas totales
✅ Lote procesado: 6430 cartas totales
✅ Lote procesado: 6450 cartas totales
✅ Lote procesado: 6470 cartas totales
✅ Lote procesado: 6490 cartas totales
✅ Lote procesado: 6500 cartas totales

📄 Procesando página 27...
📡 Intento 1/10: https://api.pokemontcg.io/v2/cards?page=27&pageSize=250
⚠️ Intento 1 falló: This operation was aborted
⏳ Esperando 1s antes del siguiente intento...
📡 Intento 2/10: https://api.pokemontcg.io/v2/cards?page=27&pageSize=250
🎴 Procesando 250 cartas...
✅ Lote procesado: 6520 cartas totales
✅ Lote procesado: 6540 cartas totales
✅ Lote procesado: 6560 cartas totales
✅ Lote procesado: 6580 cartas totales
✅ Lote procesado: 6600 cartas totales
✅ Lote procesado: 6620 cartas totales
✅ Lote procesado: 6640 cartas totales
✅ Lote procesado: 6660 cartas totales
✅ Lote procesado: 6680 cartas totales
✅ Lote procesado: 6700 cartas totales
✅ Lote procesado: 6720 cartas totales
✅ Lote procesado: 6740 cartas totales
✅ Lote procesado: 6750 cartas totales

📄 Procesando página 28...
📡 Intento 1/10: https://api.pokemontcg.io/v2/cards?page=28&pageSize=250
🎴 Procesando 250 cartas...
✅ Lote procesado: 6770 cartas totales
✅ Lote procesado: 6790 cartas totales
✅ Lote procesado: 6810 cartas totales
✅ Lote procesado: 6830 cartas totales
✅ Lote procesado: 6850 cartas totales
✅ Lote procesado: 6870 cartas totales
✅ Lote procesado: 6890 cartas totales
✅ Lote procesado: 6910 cartas totales
✅ Lote procesado: 6930 cartas totales
✅ Lote procesado: 6950 cartas totales
✅ Lote procesado: 6970 cartas totales
✅ Lote procesado: 6990 cartas totales
✅ Lote procesado: 7000 cartas totales

📄 Procesando página 29...
📡 Intento 1/10: https://api.pokemontcg.io/v2/cards?page=29&pageSize=250
🎴 Procesando 250 cartas...
✅ Lote procesado: 7020 cartas totales
✅ Lote procesado: 7040 cartas totales
✅ Lote procesado: 7060 cartas totales
✅ Lote procesado: 7080 cartas totales
✅ Lote procesado: 7100 cartas totales
✅ Lote procesado: 7120 cartas totales
✅ Lote procesado: 7140 cartas totales
✅ Lote procesado: 7160 cartas totales
✅ Lote procesado: 7180 cartas totales
✅ Lote procesado: 7200 cartas totales
✅ Lote procesado: 7220 cartas totales
✅ Lote procesado: 7240 cartas totales
✅ Lote procesado: 7250 cartas totales

📄 Procesando página 30...
📡 Intento 1/10: https://api.pokemontcg.io/v2/cards?page=30&pageSize=250
🎴 Procesando 250 cartas...
✅ Lote procesado: 7270 cartas totales
✅ Lote procesado: 7290 cartas totales
✅ Lote procesado: 7310 cartas totales
✅ Lote procesado: 7330 cartas totales
✅ Lote procesado: 7350 cartas totales
✅ Lote procesado: 7370 cartas totales
✅ Lote procesado: 7390 cartas totales
✅ Lote procesado: 7410 cartas totales
✅ Lote procesado: 7430 cartas totales
✅ Lote procesado: 7450 cartas totales
✅ Lote procesado: 7470 cartas totales
✅ Lote procesado: 7490 cartas totales
✅ Lote procesado: 7500 cartas totales

📄 Procesando página 31...
📡 Intento 1/10: https://api.pokemontcg.io/v2/cards?page=31&pageSize=250
🎴 Procesando 250 cartas...
✅ Lote procesado: 7520 cartas totales
✅ Lote procesado: 7540 cartas totales
✅ Lote procesado: 7560 cartas totales
✅ Lote procesado: 7580 cartas totales
✅ Lote procesado: 7600 cartas totales
✅ Lote procesado: 7620 cartas totales
✅ Lote procesado: 7640 cartas totales
✅ Lote procesado: 7660 cartas totales
✅ Lote procesado: 7680 cartas totales
✅ Lote procesado: 7700 cartas totales
✅ Lote procesado: 7720 cartas totales
✅ Lote procesado: 7740 cartas totales
✅ Lote procesado: 7750 cartas totales

📄 Procesando página 32...
📡 Intento 1/10: https://api.pokemontcg.io/v2/cards?page=32&pageSize=250
🎴 Procesando 250 cartas...
✅ Lote procesado: 7770 cartas totales
✅ Lote procesado: 7790 cartas totales
✅ Lote procesado: 7810 cartas totales
✅ Lote procesado: 7830 cartas totales
✅ Lote procesado: 7850 cartas totales
✅ Lote procesado: 7870 cartas totales
✅ Lote procesado: 7890 cartas totales
✅ Lote procesado: 7910 cartas totales
✅ Lote procesado: 7930 cartas totales
✅ Lote procesado: 7950 cartas totales
✅ Lote procesado: 7970 cartas totales
✅ Lote procesado: 7990 cartas totales
✅ Lote procesado: 8000 cartas totales

📄 Procesando página 33...
📡 Intento 1/10: https://api.pokemontcg.io/v2/cards?page=33&pageSize=250
🎴 Procesando 250 cartas...
✅ Lote procesado: 8020 cartas totales
✅ Lote procesado: 8040 cartas totales
✅ Lote procesado: 8060 cartas totales
✅ Lote procesado: 8080 cartas totales
✅ Lote procesado: 8100 cartas totales
✅ Lote procesado: 8120 cartas totales
✅ Lote procesado: 8140 cartas totales
✅ Lote procesado: 8160 cartas totales
✅ Lote procesado: 8180 cartas totales
✅ Lote procesado: 8200 cartas totales
✅ Lote procesado: 8220 cartas totales
✅ Lote procesado: 8240 cartas totales
✅ Lote procesado: 8250 cartas totales

📄 Procesando página 34...
📡 Intento 1/10: https://api.pokemontcg.io/v2/cards?page=34&pageSize=250
🎴 Procesando 250 cartas...
✅ Lote procesado: 8270 cartas totales
✅ Lote procesado: 8290 cartas totales
✅ Lote procesado: 8310 cartas totales
✅ Lote procesado: 8330 cartas totales
✅ Lote procesado: 8350 cartas totales
✅ Lote procesado: 8370 cartas totales
✅ Lote procesado: 8390 cartas totales
✅ Lote procesado: 8410 cartas totales
✅ Lote procesado: 8430 cartas totales
✅ Lote procesado: 8450 cartas totales
✅ Lote procesado: 8470 cartas totales
✅ Lote procesado: 8490 cartas totales
✅ Lote procesado: 8500 cartas totales

📄 Procesando página 35...
📡 Intento 1/10: https://api.pokemontcg.io/v2/cards?page=35&pageSize=250
🎴 Procesando 250 cartas...
✅ Lote procesado: 8520 cartas totales
✅ Lote procesado: 8540 cartas totales
✅ Lote procesado: 8560 cartas totales
✅ Lote procesado: 8580 cartas totales
✅ Lote procesado: 8600 cartas totales
✅ Lote procesado: 8620 cartas totales
✅ Lote procesado: 8640 cartas totales
✅ Lote procesado: 8660 cartas totales
✅ Lote procesado: 8680 cartas totales
✅ Lote procesado: 8700 cartas totales
✅ Lote procesado: 8720 cartas totales
✅ Lote procesado: 8740 cartas totales
✅ Lote procesado: 8750 cartas totales

📄 Procesando página 36...
📡 Intento 1/10: https://api.pokemontcg.io/v2/cards?page=36&pageSize=250
🎴 Procesando 250 cartas...
✅ Lote procesado: 8770 cartas totales
✅ Lote procesado: 8790 cartas totales
✅ Lote procesado: 8810 cartas totales
✅ Lote procesado: 8830 cartas totales
✅ Lote procesado: 8850 cartas totales
✅ Lote procesado: 8870 cartas totales
✅ Lote procesado: 8890 cartas totales
✅ Lote procesado: 8910 cartas totales
✅ Lote procesado: 8930 cartas totales
✅ Lote procesado: 8950 cartas totales
✅ Lote procesado: 8970 cartas totales
✅ Lote procesado: 8990 cartas totales
✅ Lote procesado: 9000 cartas totales

📄 Procesando página 37...
📡 Intento 1/10: https://api.pokemontcg.io/v2/cards?page=37&pageSize=250
🎴 Procesando 250 cartas...
✅ Lote procesado: 9020 cartas totales
✅ Lote procesado: 9040 cartas totales
✅ Lote procesado: 9060 cartas totales
✅ Lote procesado: 9080 cartas totales
✅ Lote procesado: 9100 cartas totales
✅ Lote procesado: 9120 cartas totales
✅ Lote procesado: 9140 cartas totales
✅ Lote procesado: 9160 cartas totales
✅ Lote procesado: 9180 cartas totales
✅ Lote procesado: 9200 cartas totales
✅ Lote procesado: 9220 cartas totales
✅ Lote procesado: 9240 cartas totales
✅ Lote procesado: 9250 cartas totales

📄 Procesando página 38...
📡 Intento 1/10: https://api.pokemontcg.io/v2/cards?page=38&pageSize=250
🎴 Procesando 250 cartas...
✅ Lote procesado: 9270 cartas totales
✅ Lote procesado: 9290 cartas totales
✅ Lote procesado: 9310 cartas totales
✅ Lote procesado: 9330 cartas totales
✅ Lote procesado: 9350 cartas totales
✅ Lote procesado: 9370 cartas totales
✅ Lote procesado: 9390 cartas totales
✅ Lote procesado: 9410 cartas totales
✅ Lote procesado: 9430 cartas totales
✅ Lote procesado: 9450 cartas totales
✅ Lote procesado: 9470 cartas totales
✅ Lote procesado: 9490 cartas totales
✅ Lote procesado: 9500 cartas totales

📄 Procesando página 39...
📡 Intento 1/10: https://api.pokemontcg.io/v2/cards?page=39&pageSize=250
🎴 Procesando 250 cartas...
✅ Lote procesado: 9520 cartas totales
✅ Lote procesado: 9540 cartas totales
✅ Lote procesado: 9560 cartas totales
✅ Lote procesado: 9580 cartas totales
✅ Lote procesado: 9600 cartas totales
✅ Lote procesado: 9620 cartas totales
✅ Lote procesado: 9640 cartas totales
✅ Lote procesado: 9660 cartas totales
✅ Lote procesado: 9680 cartas totales
✅ Lote procesado: 9700 cartas totales
✅ Lote procesado: 9720 cartas totales
✅ Lote procesado: 9740 cartas totales
✅ Lote procesado: 9750 cartas totales

📄 Procesando página 40...
📡 Intento 1/10: https://api.pokemontcg.io/v2/cards?page=40&pageSize=250
🎴 Procesando 250 cartas...
✅ Lote procesado: 9770 cartas totales
✅ Lote procesado: 9790 cartas totales
✅ Lote procesado: 9810 cartas totales
✅ Lote procesado: 9830 cartas totales
✅ Lote procesado: 9850 cartas totales
✅ Lote procesado: 9870 cartas totales
✅ Lote procesado: 9890 cartas totales
✅ Lote procesado: 9910 cartas totales
✅ Lote procesado: 9930 cartas totales
✅ Lote procesado: 9950 cartas totales
✅ Lote procesado: 9970 cartas totales
✅ Lote procesado: 9990 cartas totales
✅ Lote procesado: 10000 cartas totales

📄 Procesando página 41...
📡 Intento 1/10: https://api.pokemontcg.io/v2/cards?page=41&pageSize=250
🎴 Procesando 250 cartas...
✅ Lote procesado: 10020 cartas totales
✅ Lote procesado: 10040 cartas totales
✅ Lote procesado: 10060 cartas totales
✅ Lote procesado: 10080 cartas totales
✅ Lote procesado: 10100 cartas totales
✅ Lote procesado: 10120 cartas totales
✅ Lote procesado: 10140 cartas totales
✅ Lote procesado: 10160 cartas totales
✅ Lote procesado: 10180 cartas totales
✅ Lote procesado: 10200 cartas totales
✅ Lote procesado: 10220 cartas totales
✅ Lote procesado: 10240 cartas totales
✅ Lote procesado: 10250 cartas totales

📄 Procesando página 42...
📡 Intento 1/10: https://api.pokemontcg.io/v2/cards?page=42&pageSize=250
🎴 Procesando 250 cartas...
✅ Lote procesado: 10270 cartas totales
✅ Lote procesado: 10290 cartas totales
✅ Lote procesado: 10310 cartas totales
✅ Lote procesado: 10330 cartas totales
✅ Lote procesado: 10350 cartas totales
✅ Lote procesado: 10370 cartas totales
✅ Lote procesado: 10390 cartas totales
✅ Lote procesado: 10410 cartas totales
✅ Lote procesado: 10430 cartas totales
✅ Lote procesado: 10450 cartas totales
✅ Lote procesado: 10470 cartas totales
✅ Lote procesado: 10490 cartas totales
✅ Lote procesado: 10500 cartas totales

📄 Procesando página 43...
📡 Intento 1/10: https://api.pokemontcg.io/v2/cards?page=43&pageSize=250
🎴 Procesando 250 cartas...
✅ Lote procesado: 10520 cartas totales
✅ Lote procesado: 10540 cartas totales
✅ Lote procesado: 10560 cartas totales
✅ Lote procesado: 10580 cartas totales
✅ Lote procesado: 10600 cartas totales
✅ Lote procesado: 10620 cartas totales
✅ Lote procesado: 10640 cartas totales
✅ Lote procesado: 10660 cartas totales
✅ Lote procesado: 10680 cartas totales
✅ Lote procesado: 10700 cartas totales
✅ Lote procesado: 10720 cartas totales
✅ Lote procesado: 10740 cartas totales
✅ Lote procesado: 10750 cartas totales

📄 Procesando página 44...
📡 Intento 1/10: https://api.pokemontcg.io/v2/cards?page=44&pageSize=250
🎴 Procesando 250 cartas...
✅ Lote procesado: 10770 cartas totales
✅ Lote procesado: 10790 cartas totales
✅ Lote procesado: 10810 cartas totales
✅ Lote procesado: 10830 cartas totales
✅ Lote procesado: 10850 cartas totales
✅ Lote procesado: 10870 cartas totales
✅ Lote procesado: 10890 cartas totales
✅ Lote procesado: 10910 cartas totales
✅ Lote procesado: 10930 cartas totales
✅ Lote procesado: 10950 cartas totales
✅ Lote procesado: 10970 cartas totales
✅ Lote procesado: 10990 cartas totales
✅ Lote procesado: 11000 cartas totales

📄 Procesando página 45...
📡 Intento 1/10: https://api.pokemontcg.io/v2/cards?page=45&pageSize=250
⚠️ Intento 1 falló: This operation was aborted
⏳ Esperando 1s antes del siguiente intento...
📡 Intento 2/10: https://api.pokemontcg.io/v2/cards?page=45&pageSize=250
🎴 Procesando 250 cartas...
✅ Lote procesado: 11020 cartas totales
✅ Lote procesado: 11040 cartas totales
✅ Lote procesado: 11060 cartas totales
✅ Lote procesado: 11080 cartas totales
✅ Lote procesado: 11100 cartas totales
✅ Lote procesado: 11120 cartas totales
✅ Lote procesado: 11140 cartas totales
✅ Lote procesado: 11160 cartas totales
✅ Lote procesado: 11180 cartas totales
✅ Lote procesado: 11200 cartas totales
✅ Lote procesado: 11220 cartas totales
✅ Lote procesado: 11240 cartas totales
✅ Lote procesado: 11250 cartas totales

📄 Procesando página 46...
📡 Intento 1/10: https://api.pokemontcg.io/v2/cards?page=46&pageSize=250
🎴 Procesando 250 cartas...
✅ Lote procesado: 11270 cartas totales
✅ Lote procesado: 11290 cartas totales
✅ Lote procesado: 11310 cartas totales
✅ Lote procesado: 11330 cartas totales
✅ Lote procesado: 11350 cartas totales
✅ Lote procesado: 11370 cartas totales
✅ Lote procesado: 11390 cartas totales
✅ Lote procesado: 11410 cartas totales
✅ Lote procesado: 11430 cartas totales
✅ Lote procesado: 11450 cartas totales
✅ Lote procesado: 11470 cartas totales
✅ Lote procesado: 11490 cartas totales
✅ Lote procesado: 11500 cartas totales

📄 Procesando página 47...
📡 Intento 1/10: https://api.pokemontcg.io/v2/cards?page=47&pageSize=250
🎴 Procesando 250 cartas...
✅ Lote procesado: 11520 cartas totales
✅ Lote procesado: 11540 cartas totales
✅ Lote procesado: 11560 cartas totales
✅ Lote procesado: 11580 cartas totales
✅ Lote procesado: 11600 cartas totales
✅ Lote procesado: 11620 cartas totales
✅ Lote procesado: 11640 cartas totales
✅ Lote procesado: 11660 cartas totales
✅ Lote procesado: 11680 cartas totales
✅ Lote procesado: 11700 cartas totales
✅ Lote procesado: 11720 cartas totales
✅ Lote procesado: 11740 cartas totales
✅ Lote procesado: 11750 cartas totales

📄 Procesando página 48...
📡 Intento 1/10: https://api.pokemontcg.io/v2/cards?page=48&pageSize=250
🎴 Procesando 250 cartas...
✅ Lote procesado: 11770 cartas totales
✅ Lote procesado: 11790 cartas totales
✅ Lote procesado: 11810 cartas totales
✅ Lote procesado: 11830 cartas totales
✅ Lote procesado: 11850 cartas totales
✅ Lote procesado: 11870 cartas totales
✅ Lote procesado: 11890 cartas totales
✅ Lote procesado: 11910 cartas totales
✅ Lote procesado: 11930 cartas totales
✅ Lote procesado: 11950 cartas totales
✅ Lote procesado: 11970 cartas totales
✅ Lote procesado: 11990 cartas totales
✅ Lote procesado: 12000 cartas totales

📄 Procesando página 49...
📡 Intento 1/10: https://api.pokemontcg.io/v2/cards?page=49&pageSize=250
🎴 Procesando 250 cartas...
✅ Lote procesado: 12020 cartas totales
✅ Lote procesado: 12040 cartas totales
✅ Lote procesado: 12060 cartas totales
✅ Lote procesado: 12080 cartas totales
✅ Lote procesado: 12100 cartas totales
✅ Lote procesado: 12120 cartas totales
✅ Lote procesado: 12140 cartas totales
✅ Lote procesado: 12160 cartas totales
✅ Lote procesado: 12180 cartas totales
✅ Lote procesado: 12200 cartas totales
✅ Lote procesado: 12220 cartas totales
✅ Lote procesado: 12240 cartas totales
✅ Lote procesado: 12250 cartas totales

📄 Procesando página 50...
📡 Intento 1/10: https://api.pokemontcg.io/v2/cards?page=50&pageSize=250
🎴 Procesando 250 cartas...
✅ Lote procesado: 12270 cartas totales
✅ Lote procesado: 12290 cartas totales
✅ Lote procesado: 12310 cartas totales
✅ Lote procesado: 12330 cartas totales
✅ Lote procesado: 12350 cartas totales
✅ Lote procesado: 12370 cartas totales
✅ Lote procesado: 12390 cartas totales
✅ Lote procesado: 12410 cartas totales
✅ Lote procesado: 12430 cartas totales
✅ Lote procesado: 12450 cartas totales
✅ Lote procesado: 12470 cartas totales
✅ Lote procesado: 12490 cartas totales
✅ Lote procesado: 12500 cartas totales

📄 Procesando página 51...
📡 Intento 1/10: https://api.pokemontcg.io/v2/cards?page=51&pageSize=250
🎴 Procesando 250 cartas...
✅ Lote procesado: 12520 cartas totales
✅ Lote procesado: 12540 cartas totales
✅ Lote procesado: 12560 cartas totales
✅ Lote procesado: 12580 cartas totales
✅ Lote procesado: 12600 cartas totales
✅ Lote procesado: 12620 cartas totales
✅ Lote procesado: 12640 cartas totales
✅ Lote procesado: 12660 cartas totales
✅ Lote procesado: 12680 cartas totales
✅ Lote procesado: 12700 cartas totales
✅ Lote procesado: 12720 cartas totales
✅ Lote procesado: 12740 cartas totales
✅ Lote procesado: 12750 cartas totales

📄 Procesando página 52...
📡 Intento 1/10: https://api.pokemontcg.io/v2/cards?page=52&pageSize=250
🎴 Procesando 250 cartas...
✅ Lote procesado: 12770 cartas totales
✅ Lote procesado: 12790 cartas totales
✅ Lote procesado: 12810 cartas totales
✅ Lote procesado: 12830 cartas totales
✅ Lote procesado: 12850 cartas totales
✅ Lote procesado: 12870 cartas totales
✅ Lote procesado: 12890 cartas totales
✅ Lote procesado: 12910 cartas totales
✅ Lote procesado: 12930 cartas totales
✅ Lote procesado: 12950 cartas totales
✅ Lote procesado: 12970 cartas totales
✅ Lote procesado: 12990 cartas totales
✅ Lote procesado: 13000 cartas totales

📄 Procesando página 53...
📡 Intento 1/10: https://api.pokemontcg.io/v2/cards?page=53&pageSize=250
🎴 Procesando 250 cartas...
✅ Lote procesado: 13020 cartas totales
✅ Lote procesado: 13040 cartas totales
✅ Lote procesado: 13060 cartas totales
✅ Lote procesado: 13080 cartas totales
✅ Lote procesado: 13100 cartas totales
✅ Lote procesado: 13120 cartas totales
✅ Lote procesado: 13140 cartas totales
✅ Lote procesado: 13160 cartas totales
✅ Lote procesado: 13180 cartas totales
✅ Lote procesado: 13200 cartas totales
✅ Lote procesado: 13220 cartas totales
✅ Lote procesado: 13240 cartas totales
✅ Lote procesado: 13250 cartas totales

📄 Procesando página 54...
📡 Intento 1/10: https://api.pokemontcg.io/v2/cards?page=54&pageSize=250
🎴 Procesando 250 cartas...
✅ Lote procesado: 13270 cartas totales
✅ Lote procesado: 13290 cartas totales
✅ Lote procesado: 13310 cartas totales
✅ Lote procesado: 13330 cartas totales
✅ Lote procesado: 13350 cartas totales
✅ Lote procesado: 13370 cartas totales
✅ Lote procesado: 13390 cartas totales
✅ Lote procesado: 13410 cartas totales
✅ Lote procesado: 13430 cartas totales
✅ Lote procesado: 13450 cartas totales
✅ Lote procesado: 13470 cartas totales
✅ Lote procesado: 13490 cartas totales
✅ Lote procesado: 13500 cartas totales

📄 Procesando página 55...
📡 Intento 1/10: https://api.pokemontcg.io/v2/cards?page=55&pageSize=250
🎴 Procesando 250 cartas...
✅ Lote procesado: 13520 cartas totales
✅ Lote procesado: 13540 cartas totales
✅ Lote procesado: 13560 cartas totales
✅ Lote procesado: 13580 cartas totales
✅ Lote procesado: 13600 cartas totales
✅ Lote procesado: 13620 cartas totales
✅ Lote procesado: 13640 cartas totales
✅ Lote procesado: 13660 cartas totales
✅ Lote procesado: 13680 cartas totales
✅ Lote procesado: 13700 cartas totales
✅ Lote procesado: 13720 cartas totales
✅ Lote procesado: 13740 cartas totales
✅ Lote procesado: 13750 cartas totales

📄 Procesando página 56...
📡 Intento 1/10: https://api.pokemontcg.io/v2/cards?page=56&pageSize=250
🎴 Procesando 250 cartas...
✅ Lote procesado: 13770 cartas totales
✅ Lote procesado: 13790 cartas totales
✅ Lote procesado: 13810 cartas totales
✅ Lote procesado: 13830 cartas totales
✅ Lote procesado: 13850 cartas totales
✅ Lote procesado: 13870 cartas totales
✅ Lote procesado: 13890 cartas totales
✅ Lote procesado: 13910 cartas totales
✅ Lote procesado: 13930 cartas totales
✅ Lote procesado: 13950 cartas totales
✅ Lote procesado: 13970 cartas totales
✅ Lote procesado: 13990 cartas totales
✅ Lote procesado: 14000 cartas totales

📄 Procesando página 57...
📡 Intento 1/10: https://api.pokemontcg.io/v2/cards?page=57&pageSize=250
🎴 Procesando 250 cartas...
✅ Lote procesado: 14020 cartas totales
✅ Lote procesado: 14040 cartas totales
✅ Lote procesado: 14060 cartas totales
✅ Lote procesado: 14080 cartas totales
✅ Lote procesado: 14100 cartas totales
✅ Lote procesado: 14120 cartas totales
✅ Lote procesado: 14140 cartas totales
✅ Lote procesado: 14160 cartas totales
✅ Lote procesado: 14180 cartas totales
✅ Lote procesado: 14200 cartas totales
✅ Lote procesado: 14220 cartas totales
✅ Lote procesado: 14240 cartas totales
✅ Lote procesado: 14250 cartas totales

📄 Procesando página 58...
📡 Intento 1/10: https://api.pokemontcg.io/v2/cards?page=58&pageSize=250
🎴 Procesando 250 cartas...
✅ Lote procesado: 14270 cartas totales
✅ Lote procesado: 14290 cartas totales
✅ Lote procesado: 14310 cartas totales
✅ Lote procesado: 14330 cartas totales
✅ Lote procesado: 14350 cartas totales
✅ Lote procesado: 14370 cartas totales
✅ Lote procesado: 14390 cartas totales
✅ Lote procesado: 14410 cartas totales
✅ Lote procesado: 14430 cartas totales
✅ Lote procesado: 14450 cartas totales
✅ Lote procesado: 14470 cartas totales
✅ Lote procesado: 14490 cartas totales
✅ Lote procesado: 14500 cartas totales

📄 Procesando página 59...
📡 Intento 1/10: https://api.pokemontcg.io/v2/cards?page=59&pageSize=250
🎴 Procesando 250 cartas...
✅ Lote procesado: 14520 cartas totales
✅ Lote procesado: 14540 cartas totales
✅ Lote procesado: 14560 cartas totales
✅ Lote procesado: 14580 cartas totales
✅ Lote procesado: 14600 cartas totales
✅ Lote procesado: 14620 cartas totales
✅ Lote procesado: 14640 cartas totales
✅ Lote procesado: 14660 cartas totales
✅ Lote procesado: 14680 cartas totales
✅ Lote procesado: 14700 cartas totales
✅ Lote procesado: 14720 cartas totales
✅ Lote procesado: 14740 cartas totales
✅ Lote procesado: 14750 cartas totales

📄 Procesando página 60...
📡 Intento 1/10: https://api.pokemontcg.io/v2/cards?page=60&pageSize=250
🎴 Procesando 250 cartas...
✅ Lote procesado: 14770 cartas totales
✅ Lote procesado: 14790 cartas totales
✅ Lote procesado: 14810 cartas totales
✅ Lote procesado: 14830 cartas totales
✅ Lote procesado: 14850 cartas totales
✅ Lote procesado: 14870 cartas totales
✅ Lote procesado: 14890 cartas totales
✅ Lote procesado: 14910 cartas totales
✅ Lote procesado: 14930 cartas totales
✅ Lote procesado: 14950 cartas totales
✅ Lote procesado: 14970 cartas totales
✅ Lote procesado: 14990 cartas totales
✅ Lote procesado: 15000 cartas totales

📄 Procesando página 61...
📡 Intento 1/10: https://api.pokemontcg.io/v2/cards?page=61&pageSize=250
⚠️ Intento 1 falló: This operation was aborted
⏳ Esperando 1s antes del siguiente intento...
📡 Intento 2/10: https://api.pokemontcg.io/v2/cards?page=61&pageSize=250
🎴 Procesando 250 cartas...
✅ Lote procesado: 15020 cartas totales
✅ Lote procesado: 15040 cartas totales
✅ Lote procesado: 15060 cartas totales
✅ Lote procesado: 15080 cartas totales
✅ Lote procesado: 15100 cartas totales
✅ Lote procesado: 15120 cartas totales
✅ Lote procesado: 15140 cartas totales
✅ Lote procesado: 15160 cartas totales
✅ Lote procesado: 15180 cartas totales
✅ Lote procesado: 15200 cartas totales
✅ Lote procesado: 15220 cartas totales
✅ Lote procesado: 15240 cartas totales
✅ Lote procesado: 15250 cartas totales

📄 Procesando página 62...
📡 Intento 1/10: https://api.pokemontcg.io/v2/cards?page=62&pageSize=250
🎴 Procesando 250 cartas...
✅ Lote procesado: 15270 cartas totales
✅ Lote procesado: 15290 cartas totales
✅ Lote procesado: 15310 cartas totales
✅ Lote procesado: 15330 cartas totales
✅ Lote procesado: 15350 cartas totales
✅ Lote procesado: 15370 cartas totales
✅ Lote procesado: 15390 cartas totales
✅ Lote procesado: 15410 cartas totales
✅ Lote procesado: 15430 cartas totales
✅ Lote procesado: 15450 cartas totales
✅ Lote procesado: 15470 cartas totales
✅ Lote procesado: 15490 cartas totales
✅ Lote procesado: 15500 cartas totales

📄 Procesando página 63...
📡 Intento 1/10: https://api.pokemontcg.io/v2/cards?page=63&pageSize=250
🎴 Procesando 250 cartas...
✅ Lote procesado: 15520 cartas totales
✅ Lote procesado: 15540 cartas totales
✅ Lote procesado: 15560 cartas totales
✅ Lote procesado: 15580 cartas totales
✅ Lote procesado: 15600 cartas totales
✅ Lote procesado: 15620 cartas totales
✅ Lote procesado: 15640 cartas totales
✅ Lote procesado: 15660 cartas totales
✅ Lote procesado: 15680 cartas totales
✅ Lote procesado: 15700 cartas totales
✅ Lote procesado: 15720 cartas totales
✅ Lote procesado: 15740 cartas totales
✅ Lote procesado: 15750 cartas totales

📄 Procesando página 64...
📡 Intento 1/10: https://api.pokemontcg.io/v2/cards?page=64&pageSize=250
🎴 Procesando 250 cartas...
✅ Lote procesado: 15770 cartas totales
✅ Lote procesado: 15790 cartas totales
✅ Lote procesado: 15810 cartas totales
✅ Lote procesado: 15830 cartas totales
✅ Lote procesado: 15850 cartas totales
✅ Lote procesado: 15870 cartas totales
✅ Lote procesado: 15890 cartas totales
✅ Lote procesado: 15910 cartas totales
✅ Lote procesado: 15930 cartas totales
✅ Lote procesado: 15950 cartas totales
✅ Lote procesado: 15970 cartas totales
✅ Lote procesado: 15990 cartas totales
✅ Lote procesado: 16000 cartas totales

📄 Procesando página 65...
📡 Intento 1/10: https://api.pokemontcg.io/v2/cards?page=65&pageSize=250
🎴 Procesando 250 cartas...
✅ Lote procesado: 16020 cartas totales
✅ Lote procesado: 16040 cartas totales
✅ Lote procesado: 16060 cartas totales
✅ Lote procesado: 16080 cartas totales
✅ Lote procesado: 16100 cartas totales
✅ Lote procesado: 16120 cartas totales
✅ Lote procesado: 16140 cartas totales
✅ Lote procesado: 16160 cartas totales
✅ Lote procesado: 16180 cartas totales
✅ Lote procesado: 16200 cartas totales
✅ Lote procesado: 16220 cartas totales
✅ Lote procesado: 16240 cartas totales
✅ Lote procesado: 16250 cartas totales

📄 Procesando página 66...
📡 Intento 1/10: https://api.pokemontcg.io/v2/cards?page=66&pageSize=250
🎴 Procesando 250 cartas...
✅ Lote procesado: 16270 cartas totales
✅ Lote procesado: 16290 cartas totales
✅ Lote procesado: 16310 cartas totales
✅ Lote procesado: 16330 cartas totales
✅ Lote procesado: 16350 cartas totales
✅ Lote procesado: 16370 cartas totales
✅ Lote procesado: 16390 cartas totales
✅ Lote procesado: 16410 cartas totales
✅ Lote procesado: 16430 cartas totales
✅ Lote procesado: 16450 cartas totales
✅ Lote procesado: 16470 cartas totales
✅ Lote procesado: 16490 cartas totales
✅ Lote procesado: 16500 cartas totales

📄 Procesando página 67...
📡 Intento 1/10: https://api.pokemontcg.io/v2/cards?page=67&pageSize=250
🎴 Procesando 250 cartas...
✅ Lote procesado: 16520 cartas totales
✅ Lote procesado: 16540 cartas totales
✅ Lote procesado: 16560 cartas totales
✅ Lote procesado: 16580 cartas totales
✅ Lote procesado: 16600 cartas totales
✅ Lote procesado: 16620 cartas totales
✅ Lote procesado: 16640 cartas totales
✅ Lote procesado: 16660 cartas totales
✅ Lote procesado: 16680 cartas totales
✅ Lote procesado: 16700 cartas totales
✅ Lote procesado: 16720 cartas totales
✅ Lote procesado: 16740 cartas totales
✅ Lote procesado: 16750 cartas totales

📄 Procesando página 68...
📡 Intento 1/10: https://api.pokemontcg.io/v2/cards?page=68&pageSize=250
🎴 Procesando 250 cartas...
✅ Lote procesado: 16770 cartas totales
✅ Lote procesado: 16790 cartas totales
✅ Lote procesado: 16810 cartas totales
✅ Lote procesado: 16830 cartas totales
✅ Lote procesado: 16850 cartas totales
✅ Lote procesado: 16870 cartas totales
✅ Lote procesado: 16890 cartas totales
✅ Lote procesado: 16910 cartas totales
✅ Lote procesado: 16930 cartas totales
✅ Lote procesado: 16950 cartas totales
✅ Lote procesado: 16970 cartas totales
✅ Lote procesado: 16990 cartas totales
✅ Lote procesado: 17000 cartas totales

📄 Procesando página 69...
📡 Intento 1/10: https://api.pokemontcg.io/v2/cards?page=69&pageSize=250
🎴 Procesando 250 cartas...
✅ Lote procesado: 17020 cartas totales
✅ Lote procesado: 17040 cartas totales
✅ Lote procesado: 17060 cartas totales
✅ Lote procesado: 17080 cartas totales
✅ Lote procesado: 17100 cartas totales
✅ Lote procesado: 17120 cartas totales
✅ Lote procesado: 17140 cartas totales
✅ Lote procesado: 17160 cartas totales
✅ Lote procesado: 17180 cartas totales
✅ Lote procesado: 17200 cartas totales
✅ Lote procesado: 17220 cartas totales
✅ Lote procesado: 17240 cartas totales
✅ Lote procesado: 17250 cartas totales

📄 Procesando página 70...
📡 Intento 1/10: https://api.pokemontcg.io/v2/cards?page=70&pageSize=250
🎴 Procesando 250 cartas...
✅ Lote procesado: 17270 cartas totales
✅ Lote procesado: 17290 cartas totales
✅ Lote procesado: 17310 cartas totales
✅ Lote procesado: 17330 cartas totales
✅ Lote procesado: 17350 cartas totales
✅ Lote procesado: 17370 cartas totales
✅ Lote procesado: 17390 cartas totales
✅ Lote procesado: 17410 cartas totales
✅ Lote procesado: 17430 cartas totales
✅ Lote procesado: 17450 cartas totales
✅ Lote procesado: 17470 cartas totales
✅ Lote procesado: 17490 cartas totales
✅ Lote procesado: 17500 cartas totales

📄 Procesando página 71...
📡 Intento 1/10: https://api.pokemontcg.io/v2/cards?page=71&pageSize=250
🎴 Procesando 250 cartas...
✅ Lote procesado: 17520 cartas totales
✅ Lote procesado: 17540 cartas totales
✅ Lote procesado: 17560 cartas totales
✅ Lote procesado: 17580 cartas totales
✅ Lote procesado: 17600 cartas totales
✅ Lote procesado: 17620 cartas totales
✅ Lote procesado: 17640 cartas totales
✅ Lote procesado: 17660 cartas totales
✅ Lote procesado: 17680 cartas totales
✅ Lote procesado: 17700 cartas totales
✅ Lote procesado: 17720 cartas totales
✅ Lote procesado: 17740 cartas totales
✅ Lote procesado: 17750 cartas totales

📄 Procesando página 72...
📡 Intento 1/10: https://api.pokemontcg.io/v2/cards?page=72&pageSize=250
⚠️ Intento 1 falló: This operation was aborted
⏳ Esperando 1s antes del siguiente intento...
📡 Intento 2/10: https://api.pokemontcg.io/v2/cards?page=72&pageSize=250
🎴 Procesando 250 cartas...
✅ Lote procesado: 17770 cartas totales
✅ Lote procesado: 17790 cartas totales
✅ Lote procesado: 17810 cartas totales
✅ Lote procesado: 17830 cartas totales
✅ Lote procesado: 17850 cartas totales
✅ Lote procesado: 17870 cartas totales
✅ Lote procesado: 17890 cartas totales
✅ Lote procesado: 17910 cartas totales
✅ Lote procesado: 17930 cartas totales
✅ Lote procesado: 17950 cartas totales
✅ Lote procesado: 17970 cartas totales
✅ Lote procesado: 17990 cartas totales
✅ Lote procesado: 18000 cartas totales

📄 Procesando página 73...
📡 Intento 1/10: https://api.pokemontcg.io/v2/cards?page=73&pageSize=250
🎴 Procesando 250 cartas...
✅ Lote procesado: 18020 cartas totales
✅ Lote procesado: 18040 cartas totales
✅ Lote procesado: 18060 cartas totales
✅ Lote procesado: 18080 cartas totales
✅ Lote procesado: 18100 cartas totales
✅ Lote procesado: 18120 cartas totales
✅ Lote procesado: 18140 cartas totales
✅ Lote procesado: 18160 cartas totales
✅ Lote procesado: 18180 cartas totales
✅ Lote procesado: 18200 cartas totales
✅ Lote procesado: 18220 cartas totales
✅ Lote procesado: 18240 cartas totales
✅ Lote procesado: 18250 cartas totales

📄 Procesando página 74...
📡 Intento 1/10: https://api.pokemontcg.io/v2/cards?page=74&pageSize=250
🎴 Procesando 250 cartas...
✅ Lote procesado: 18270 cartas totales
✅ Lote procesado: 18290 cartas totales
✅ Lote procesado: 18310 cartas totales
✅ Lote procesado: 18330 cartas totales
✅ Lote procesado: 18350 cartas totales
✅ Lote procesado: 18370 cartas totales
✅ Lote procesado: 18390 cartas totales
✅ Lote procesado: 18410 cartas totales
✅ Lote procesado: 18430 cartas totales
✅ Lote procesado: 18450 cartas totales
✅ Lote procesado: 18470 cartas totales
✅ Lote procesado: 18490 cartas totales
✅ Lote procesado: 18500 cartas totales

📄 Procesando página 75...
📡 Intento 1/10: https://api.pokemontcg.io/v2/cards?page=75&pageSize=250
🎴 Procesando 250 cartas...
✅ Lote procesado: 18520 cartas totales
✅ Lote procesado: 18540 cartas totales
✅ Lote procesado: 18560 cartas totales
✅ Lote procesado: 18580 cartas totales
✅ Lote procesado: 18600 cartas totales
✅ Lote procesado: 18620 cartas totales
✅ Lote procesado: 18640 cartas totales
✅ Lote procesado: 18660 cartas totales
✅ Lote procesado: 18680 cartas totales
✅ Lote procesado: 18700 cartas totales
✅ Lote procesado: 18720 cartas totales
✅ Lote procesado: 18740 cartas totales
✅ Lote procesado: 18750 cartas totales

📄 Procesando página 76...
📡 Intento 1/10: https://api.pokemontcg.io/v2/cards?page=76&pageSize=250
🎴 Procesando 250 cartas...
✅ Lote procesado: 18770 cartas totales
✅ Lote procesado: 18790 cartas totales
✅ Lote procesado: 18810 cartas totales
✅ Lote procesado: 18830 cartas totales
✅ Lote procesado: 18850 cartas totales
✅ Lote procesado: 18870 cartas totales
✅ Lote procesado: 18890 cartas totales
✅ Lote procesado: 18910 cartas totales
✅ Lote procesado: 18930 cartas totales
✅ Lote procesado: 18950 cartas totales
✅ Lote procesado: 18970 cartas totales
✅ Lote procesado: 18990 cartas totales
✅ Lote procesado: 19000 cartas totales

📄 Procesando página 77...
📡 Intento 1/10: https://api.pokemontcg.io/v2/cards?page=77&pageSize=250
🎴 Procesando 250 cartas...
✅ Lote procesado: 19020 cartas totales
✅ Lote procesado: 19040 cartas totales
✅ Lote procesado: 19060 cartas totales
✅ Lote procesado: 19080 cartas totales
✅ Lote procesado: 19100 cartas totales
✅ Lote procesado: 19120 cartas totales
✅ Lote procesado: 19140 cartas totales
✅ Lote procesado: 19160 cartas totales
✅ Lote procesado: 19180 cartas totales
✅ Lote procesado: 19200 cartas totales
✅ Lote procesado: 19220 cartas totales
✅ Lote procesado: 19240 cartas totales
✅ Lote procesado: 19250 cartas totales

📄 Procesando página 78...
📡 Intento 1/10: https://api.pokemontcg.io/v2/cards?page=78&pageSize=250
🎴 Procesando 250 cartas...
✅ Lote procesado: 19270 cartas totales
✅ Lote procesado: 19290 cartas totales
✅ Lote procesado: 19310 cartas totales
✅ Lote procesado: 19330 cartas totales
✅ Lote procesado: 19350 cartas totales
✅ Lote procesado: 19370 cartas totales
✅ Lote procesado: 19390 cartas totales
✅ Lote procesado: 19410 cartas totales
✅ Lote procesado: 19430 cartas totales
✅ Lote procesado: 19450 cartas totales
✅ Lote procesado: 19470 cartas totales
✅ Lote procesado: 19490 cartas totales
✅ Lote procesado: 19500 cartas totales

📄 Procesando página 79...
📡 Intento 1/10: https://api.pokemontcg.io/v2/cards?page=79&pageSize=250
✅ No hay más cartas para migrar

🎉 Migración completada! Total de cartas procesadas: 19500
🔒 Cerrando base de datos...
✅ Base de datos cerrada correctamente
✅ Base de datos cerrada correctamente
